<?xml version="1.0" encoding="UTF-8"?>
<!-- Generated by org.testng.reporters.JUnitReportReporter -->
<testsuite hostname="LAPTOP-Q7L19CG3" failures="0" tests="1" name="demo.GETrequest" time="1.678" errors="0" timestamp="27 Aug 2023 15:38:31 GMT" skipped="0">
  <testcase classname="demo.GETrequest" name="GetDetails" time="1.678"/>
</testsuite> <!-- demo.GETrequest -->
