<?xml version="1.0" encoding="UTF-8"?>
<!-- Generated by org.testng.reporters.JUnitReportReporter -->
<testsuite hostname="LAPTOP-Q7L19CG3" failures="0" tests="1" name="demo.POSTrequest" time="2.423" errors="0" timestamp="27 Aug 2023 15:49:18 GMT" skipped="0">
  <testcase classname="demo.POSTrequest" name="PostTest" time="2.423"/>
</testsuite> <!-- demo.POSTrequest -->
